e:\documents\visual studio 2022\projects\c++\raylib\asteroids deluxe-premake\game\src\x64\debug\vc143.pdb
e:\documents\visual studio 2022\projects\c++\raylib\asteroids deluxe-premake\game\src\x64\debug\vc143.idb
e:\documents\visual studio 2022\projects\c++\raylib\asteroids deluxe-premake\game\src\x64\debug\ufo.obj
e:\documents\visual studio 2022\projects\c++\raylib\asteroids deluxe-premake\game\src\x64\debug\timer.obj
e:\documents\visual studio 2022\projects\c++\raylib\asteroids deluxe-premake\game\src\x64\debug\shot.obj
e:\documents\visual studio 2022\projects\c++\raylib\asteroids deluxe-premake\game\src\x64\debug\rockdata.obj
e:\documents\visual studio 2022\projects\c++\raylib\asteroids deluxe-premake\game\src\x64\debug\rockcontrol.obj
e:\documents\visual studio 2022\projects\c++\raylib\asteroids deluxe-premake\game\src\x64\debug\rock.obj
e:\documents\visual studio 2022\projects\c++\raylib\asteroids deluxe-premake\game\src\x64\debug\positionedobject.obj
e:\documents\visual studio 2022\projects\c++\raylib\asteroids deluxe-premake\game\src\x64\debug\player.obj
e:\documents\visual studio 2022\projects\c++\raylib\asteroids deluxe-premake\game\src\x64\debug\quadmodel.obj
e:\documents\visual studio 2022\projects\c++\raylib\asteroids deluxe-premake\game\src\x64\debug\linemodelmanager.obj
e:\documents\visual studio 2022\projects\c++\raylib\asteroids deluxe-premake\game\src\x64\debug\linemodel.obj
e:\documents\visual studio 2022\projects\c++\raylib\asteroids deluxe-premake\game\src\x64\debug\line.obj
e:\documents\visual studio 2022\projects\c++\raylib\asteroids deluxe-premake\game\src\x64\debug\highscore.obj
e:\documents\visual studio 2022\projects\c++\raylib\asteroids deluxe-premake\game\src\x64\debug\asteroidsdeluxe.obj
e:\documents\visual studio 2022\projects\c++\raylib\asteroids deluxe-premake\game\src\x64\debug\game.obj
e:\documents\visual studio 2022\projects\c++\raylib\asteroids deluxe-premake\game\src\x64\debug\exploder.obj
e:\documents\visual studio 2022\projects\c++\raylib\asteroids deluxe-premake\game\src\x64\debug\entity.obj
e:\documents\visual studio 2022\projects\c++\raylib\asteroids deluxe-premake\game\src\x64\debug\dot.obj
e:\documents\visual studio 2022\projects\c++\raylib\asteroids deluxe-premake\game\src\x64\debug\crosscom.obj
e:\documents\visual studio 2022\projects\c++\raylib\asteroids deluxe-premake\game\src\x64\debug\common.obj
e:\documents\visual studio 2022\projects\c++\raylib\asteroids deluxe-premake\game\src\x64\debug\wedgepair.obj
e:\documents\visual studio 2022\projects\c++\raylib\asteroids deluxe-premake\game\src\x64\debug\wedgegroup.obj
e:\documents\visual studio 2022\projects\c++\raylib\asteroids deluxe-premake\game\src\x64\debug\wedgecontrol.obj
e:\documents\visual studio 2022\projects\c++\raylib\asteroids deluxe-premake\game\src\x64\debug\wedge.obj
e:\documents\visual studio 2022\projects\c++\raylib\asteroids deluxe-premake\game\src\x64\debug\ufocontrol.obj
e:\documents\visual studio 2022\projects\c++\raylib\asteroids deluxe-premake\x64\debug\asteroids deluxe.exe
e:\documents\visual studio 2022\projects\c++\raylib\asteroids deluxe-premake\game\src\x64\debug\asteroids deluxe.ilk
e:\documents\visual studio 2022\projects\c++\raylib\asteroids deluxe-premake\x64\debug\asteroids deluxe.pdb
e:\documents\visual studio 2022\projects\c++\raylib\asteroids deluxe-premake\game\src\x64\debug\asteroids deluxe.res
e:\documents\visual studio 2022\projects\c++\raylib\asteroids deluxe-premake\game\src\x64\debug\asteroids deluxe.tlog\cl.command.1.tlog
e:\documents\visual studio 2022\projects\c++\raylib\asteroids deluxe-premake\game\src\x64\debug\asteroids deluxe.tlog\cl.read.1.tlog
e:\documents\visual studio 2022\projects\c++\raylib\asteroids deluxe-premake\game\src\x64\debug\asteroids deluxe.tlog\cl.write.1.tlog
e:\documents\visual studio 2022\projects\c++\raylib\asteroids deluxe-premake\game\src\x64\debug\asteroids deluxe.tlog\link.command.1.tlog
e:\documents\visual studio 2022\projects\c++\raylib\asteroids deluxe-premake\game\src\x64\debug\asteroids deluxe.tlog\link.read.1.tlog
e:\documents\visual studio 2022\projects\c++\raylib\asteroids deluxe-premake\game\src\x64\debug\asteroids deluxe.tlog\link.write.1.tlog
e:\documents\visual studio 2022\projects\c++\raylib\asteroids deluxe-premake\game\src\x64\debug\asteroids deluxe.tlog\rc.command.1.tlog
e:\documents\visual studio 2022\projects\c++\raylib\asteroids deluxe-premake\game\src\x64\debug\asteroids deluxe.tlog\rc.read.1.tlog
e:\documents\visual studio 2022\projects\c++\raylib\asteroids deluxe-premake\game\src\x64\debug\asteroids deluxe.tlog\rc.write.1.tlog
